Added Component: Designator=Boot(SW102)
Add component. Clean all parameters for all variants
Add component (AddParameter): Name = "Value"; Value = "Switch 102 On Board"; VariantName = "[No Variations]"
Added Component: Designator=ES1(ESP-8266 V12)
Add component. Clean all parameters for all variants
Added Component: Designator=J1(HEADER x8)
Add component. Clean all parameters for all variants
Added Component: Designator=J2(HEADER x8)
Add component. Clean all parameters for all variants
Added Component: Designator=R1(Res 0805(2012))
Add component. Clean all parameters for all variants
Added Component: Designator=R2(Res 0805(2012))
Add component. Clean all parameters for all variants
Added Component: Designator=RST(BUTTON_2P_SMD)
Add component. Clean all parameters for all variants
Added Pin To Net: NetName=3.3V2 Pin=ES1-8
Added Pin To Net: NetName=3.3V2 Pin=J2-1
Added Pin To Net: NetName=3.3V2 Pin=R1-2
Added Net: Name=3.3V2
Added Pin To Net: NetName=3.3V.2 Pin=Boot-1
Added Net: Name=3.3V.2
Added Pin To Net: NetName=GND2 Pin=RST-2
Added Net: Name=GND2
Added Pin To Net: NetName=GND.2 Pin=Boot-3
Added Pin To Net: NetName=GND.2 Pin=ES1-15
Added Pin To Net: NetName=GND.2 Pin=J1-8
Added Net: Name=GND.2
Added Pin To Net: NetName=GPIO0.2 Pin=ES1-18
Added Pin To Net: NetName=GPIO0.2 Pin=J1-5
Added Pin To Net: NetName=GPIO0.2 Pin=R2-1
Added Net: Name=GPIO0.2
Added Pin To Net: NetName=GPIO2.2 Pin=ES1-17
Added Pin To Net: NetName=GPIO2.2 Pin=J1-6
Added Net: Name=GPIO2.2
Added Pin To Net: NetName=GPIO15.2 Pin=ES1-16
Added Pin To Net: NetName=GPIO15.2 Pin=J1-7
Added Net: Name=GPIO15.2
Added Pin To Net: NetName=RST2 Pin=ES1-1
Added Pin To Net: NetName=RST2 Pin=J2-8
Added Pin To Net: NetName=RST2 Pin=R1-1
Added Pin To Net: NetName=RST2 Pin=RST-1
Added Net: Name=RST2
Added Member To Class: ClassName=ESP8266_base5.1-2 Member=Component Boot SW102A
Added Member To Class: ClassName=ESP8266_base5.1 Member=Component Boot SW102A
Added Member To Class: ClassName=ESP8266_base5.1-2 Member=Component ES1 ESP8266-V12
Added Member To Class: ClassName=ESP8266_base5.1 Member=Component ES1 ESP8266-V12
Added Member To Class: ClassName=ESP8266_base5.1-2 Member=Component J1 Header 8
Added Member To Class: ClassName=ESP8266_base5.1 Member=Component J1 Header 8
Added Member To Class: ClassName=ESP8266_base5.1-2 Member=Component J2 Header 8
Added Member To Class: ClassName=ESP8266_base5.1 Member=Component J2 Header 8
Added Member To Class: ClassName=ESP8266_base5.1-2 Member=Component R1 10K/0805
Added Member To Class: ClassName=ESP8266_base5.1 Member=Component R1 10K/0805
Added Member To Class: ClassName=Line_Follower5.1 Member=Component R1 330R
Added Member To Class: ClassName=ESP8266_base5.1-2 Member=Component R2 10K/0805
Added Member To Class: ClassName=ESP8266_base5.1 Member=Component R2 10K/0805
Added Member To Class: ClassName=Line_Follower5.1 Member=Component R2 10K
Added Member To Class: ClassName=ESP8266_base5.1-2 Member=Component RST Button-2pin
Added Member To Class: ClassName=ESP8266_base5.1 Member=Component RST Button-2pin
