Removed Pin From Net: NetName=Vin_1 Pin=IC5V-1
Removed Pin From Net: NetName=GND Pin=IC5V-2
Removed Pin From Net: NetName=5V Pin=IC5V-3
Removed Pin From Net: NetName=GND Pin=U1-1
Removed Pin From Net: NetName=3.3V Pin=U1-2
Removed Pin From Net: NetName=5V Pin=U1-3
Removed Member From Class: ClassName=Line_Follower5 Member=IC5V
Removed Member From Class: ClassName=Line_Follower5 Member=U1
Added Component: Designator=IC?(TO220NH)
Add component. Clean all parameters for all variants
Add component (AddParameter): Name = "ComponentLink1Description"; Value = "Manufacturer Link"; VariantName = "[No Variations]"
Add component (AddParameter): Name = "ComponentLink1URL"; Value = "http://www.st.com/"; VariantName = "[No Variations]"
Add component (AddParameter): Name = "ComponentLink2Description"; Value = "Datasheet"; VariantName = "[No Variations]"
Add component (AddParameter): Name = "ComponentLink2URL"; Value = "http://www.st.com/stonline/products/literature/ds/2146/l78m05c.pdf"; VariantName = "[No Variations]"
Add component (AddParameter): Name = "DatasheetVersion"; Value = "Apr-1994"; VariantName = "[No Variations]"
Add component (AddParameter): Name = "LatestRevisionDate"; Value = "17-Jul-2002"; VariantName = "[No Variations]"
Add component (AddParameter): Name = "LatestRevisionNote"; Value = "Re-released for DXP Platform."; VariantName = "[No Variations]"
Add component (AddParameter): Name = "Note"; Value = "Tab is connected to pin 3 (GND)."; VariantName = "[No Variations]"
Add component (AddParameter): Name = "PackageDescription"; Value = "TO, Thru-Hole, Vertical, Heatsink Mounted; 3 In-Line Leads; Pitch 2.54 mm; Pin sequence 1, 3, 2"; VariantName = "[No Variations]"
Add component (AddParameter): Name = "PackageReference"; Value = "ISOWATT220AB"; VariantName = "[No Variations]"
Add component (AddParameter): Name = "PackageVersion"; Value = "Jul-1998"; VariantName = "[No Variations]"
Add component (AddParameter): Name = "Published"; Value = "24-Aug-2001"; VariantName = "[No Variations]"
Add component (AddParameter): Name = "Publisher"; Value = "Altium Limited"; VariantName = "[No Variations]"
Added Component: Designator=LM1117(TO220NH)
Add component. Clean all parameters for all variants
Add component (AddParameter): Name = "Creator"; Value = "Nguyen Ba Bien"; VariantName = "[No Variations]"
Add component (AddParameter): Name = "Website"; Value = "http://group3i.net"; VariantName = "[No Variations]"
Added Pin To Net: NetName=Vin_1 Pin=IC?-1
Added Pin To Net: NetName=GND Pin=IC?-2
Added Pin To Net: NetName=5V Pin=IC?-3
Added Pin To Net: NetName=GND Pin=LM1117-1
Added Pin To Net: NetName=3.3V Pin=LM1117-2
Added Pin To Net: NetName=5V Pin=LM1117-3
Change Class Name : Old Net Name=Line_Follower5 New Net Name=Line_Follower5.1
Added Member To Class: ClassName=Line_Follower5.1 Member=Component IC? LM78xx
Added Member To Class: ClassName=Line_Follower5.1 Member=Component LM1117 LM1117-3.3V
Added Member To Class: ClassName=Line_Follower5.1 Member=Component R1 330R
Added Member To Class: ClassName=Line_Follower5.1 Member=Component R2 10K
Added Room: Name=Line_Follower5.1
